2024-08-25 18:44:01,780 - Watching for file changes with StatReloader
2024-08-25 18:44:07,077 - Received message: hello
2024-08-25 18:44:07,077 - Response: {'response': 'hi'}
2024-08-25 18:44:07,078 - "POST /message/ HTTP/1.1" 200 18
2024-08-25 18:44:08,098 - Received message: hello
2024-08-25 18:44:08,098 - Response: {'response': 'hi'}
2024-08-25 18:44:08,099 - "POST /message/ HTTP/1.1" 200 18
2024-08-25 18:44:09,107 - Received message: hello
2024-08-25 18:44:09,107 - Response: {'response': 'hi'}
2024-08-25 18:44:09,107 - "POST /message/ HTTP/1.1" 200 18
2024-08-25 18:44:38,102 - Received message: hello
2024-08-25 18:44:38,102 - Response: {'response': 'hi'}
2024-08-25 18:44:38,103 - "POST /message/ HTTP/1.1" 200 18
2024-08-25 18:44:39,113 - Received message: hello
2024-08-25 18:44:39,114 - Response: {'response': 'hi'}
2024-08-25 18:44:39,114 - "POST /message/ HTTP/1.1" 200 18
2024-08-25 18:44:40,158 - Received message: hello
2024-08-25 18:44:40,160 - Response: {'response': 'hi'}
2024-08-25 18:44:40,162 - "POST /message/ HTTP/1.1" 200 18
2024-08-25 18:44:41,184 - Received message: hello
2024-08-25 18:44:41,185 - Response: {'response': 'hi'}
2024-08-25 18:44:41,185 - "POST /message/ HTTP/1.1" 200 18
2024-08-25 18:44:42,208 - Received message: hello
2024-08-25 18:44:42,208 - Response: {'response': 'hi'}
2024-08-25 18:44:42,209 - "POST /message/ HTTP/1.1" 200 18
2024-08-25 18:44:43,237 - Received message: hello
2024-08-25 18:44:43,237 - Response: {'response': 'hi'}
2024-08-25 18:44:43,238 - "POST /message/ HTTP/1.1" 200 18
2024-08-25 18:44:44,701 - Received message: hello
2024-08-25 18:44:44,702 - Response: {'response': 'hi'}
2024-08-25 18:44:44,708 - "POST /message/ HTTP/1.1" 200 18
2024-08-25 18:44:45,738 - Received message: hello
2024-08-25 18:44:45,739 - Response: {'response': 'hi'}
2024-08-25 18:44:45,739 - "POST /message/ HTTP/1.1" 200 18
2024-08-25 18:44:46,754 - Received message: hello
2024-08-25 18:44:46,756 - Response: {'response': 'hi'}
2024-08-25 18:44:46,757 - "POST /message/ HTTP/1.1" 200 18
2024-08-25 18:44:47,773 - Received message: hello
2024-08-25 18:44:47,774 - Response: {'response': 'hi'}
2024-08-25 18:44:47,774 - "POST /message/ HTTP/1.1" 200 18
2024-08-25 18:44:48,821 - Received message: hello
2024-08-25 18:44:48,821 - Response: {'response': 'hi'}
2024-08-25 18:44:48,825 - "POST /message/ HTTP/1.1" 200 18
2024-08-25 18:59:32,605 - Watching for file changes with StatReloader
2024-08-25 18:59:33,217 - Message received: hello
2024-08-25 18:59:33,217 - Response sent: hi
2024-08-25 18:59:33,224 - "POST /message/ HTTP/1.1" 200 18
2024-08-25 18:59:34,266 - Message received: hello
2024-08-25 18:59:34,269 - Response sent: hi
2024-08-25 18:59:34,274 - "POST /message/ HTTP/1.1" 200 18
2024-08-25 18:59:35,311 - Message received: hello
2024-08-25 18:59:35,311 - Response sent: hi
2024-08-25 18:59:35,313 - "POST /message/ HTTP/1.1" 200 18
2024-08-25 18:59:36,341 - Message received: hello
2024-08-25 18:59:36,343 - Response sent: hi
2024-08-25 18:59:36,347 - "POST /message/ HTTP/1.1" 200 18
2024-08-25 18:59:37,378 - Message received: hello
2024-08-25 18:59:37,379 - Response sent: hi
2024-08-25 18:59:37,380 - "POST /message/ HTTP/1.1" 200 18
2024-08-25 18:59:38,404 - Message received: hello
2024-08-25 18:59:38,405 - Response sent: hi
2024-08-25 18:59:38,408 - "POST /message/ HTTP/1.1" 200 18
2024-08-25 18:59:39,436 - Message received: hello
2024-08-25 18:59:39,438 - Response sent: hi
2024-08-25 18:59:39,438 - "POST /message/ HTTP/1.1" 200 18
2024-08-25 18:59:40,486 - Message received: hello
2024-08-25 18:59:40,488 - Response sent: hi
2024-08-25 18:59:40,494 - "POST /message/ HTTP/1.1" 200 18
2024-08-25 18:59:41,540 - Message received: hello
2024-08-25 18:59:41,542 - Response sent: hi
2024-08-25 18:59:41,543 - "POST /message/ HTTP/1.1" 200 18
2024-08-25 18:59:42,562 - Message received: hello
2024-08-25 18:59:42,562 - Response sent: hi
2024-08-25 18:59:42,565 - "POST /message/ HTTP/1.1" 200 18
2024-08-25 18:59:43,584 - Message received: hello
2024-08-25 18:59:43,585 - Response sent: hi
2024-08-25 18:59:43,587 - "POST /message/ HTTP/1.1" 200 18
2024-08-25 18:59:44,667 - Message received: hello
2024-08-25 18:59:44,668 - Response sent: hi
2024-08-25 18:59:44,669 - "POST /message/ HTTP/1.1" 200 18
2024-08-25 18:59:45,696 - Message received: hello
2024-08-25 18:59:45,697 - Response sent: hi
2024-08-25 18:59:45,699 - "POST /message/ HTTP/1.1" 200 18
